  main.cpp
C:\github\作品ⅢGitHub\New Road\textGoal.hpp(27,25): warning C4244: '=': '__int64' から 'int' への変換です。データが失われる可能性があります。
C:\github\作品ⅢGitHub\New Road\main.cpp(1140,27): warning C4244: '=': 'double' から 'float' への変換です。データが失われる可能性があります。
C:\github\作品ⅢGitHub\New Road\main.cpp(1149,21): warning C4305: '+=': 'double' から 'float' へ切り詰めます。
C:\github\作品ⅢGitHub\New Road\main.cpp(1181,36): warning C4244: '+=': 'float' から 'int' への変換です。データが失われる可能性があります。
C:\github\作品ⅢGitHub\New Road\main.cpp(1182,43): warning C4244: '+=': 'float' から 'LONG' への変換です。データが失われる可能性があります。
C:\github\作品ⅢGitHub\New Road\main.cpp(1183,44): warning C4244: '+=': 'float' から 'LONG' への変換です。データが失われる可能性があります。
C:\github\作品ⅢGitHub\New Road\main.cpp(1292,62): warning C4244: '=': 'float' から 'int' への変換です。データが失われる可能性があります。
C:\github\作品ⅢGitHub\New Road\main.cpp(1375,9): warning C4244: '初期化中': 'float' から 'int' への変換です。データが失われる可能性があります。
C:\github\作品ⅢGitHub\New Road\main.cpp(1628,14): warning C4244: '引数': 'double' から 'int' への変換です。データが失われる可能性があります。
C:\github\作品ⅢGitHub\New Road\main.cpp(1832,18): warning C4244: '=': 'double' から 'int' への変換です。データが失われる可能性があります。
C:\github\作品ⅢGitHub\New Road\main.cpp(2223,36): warning C4244: '+=': 'float' から 'int' への変換です。データが失われる可能性があります。
C:\github\作品ⅢGitHub\New Road\main.cpp(2224,43): warning C4244: '+=': 'float' から 'LONG' への変換です。データが失われる可能性があります。
C:\github\作品ⅢGitHub\New Road\main.cpp(2225,44): warning C4244: '+=': 'float' から 'LONG' への変換です。データが失われる可能性があります。
C:\github\作品ⅢGitHub\New Road\main.cpp(2282,38): warning C4244: '引数': 'double' から 'int' への変換です。データが失われる可能性があります。
C:\github\作品ⅢGitHub\New Road\main.cpp(2284,51): warning C4244: '引数': 'double' から 'int' への変換です。データが失われる可能性があります。
C:\github\作品ⅢGitHub\New Road\main.cpp(2284,29): warning C4244: '引数': 'double' から 'int' への変換です。データが失われる可能性があります。
C:\github\作品ⅢGitHub\New Road\main.cpp(2285,29): warning C4244: '引数': 'double' から 'int' への変換です。データが失われる可能性があります。
C:\github\作品ⅢGitHub\New Road\main.cpp(2296,51): warning C4244: '引数': 'double' から 'int' への変換です。データが失われる可能性があります。
C:\github\作品ⅢGitHub\New Road\main.cpp(2296,29): warning C4244: '引数': 'double' から 'int' への変換です。データが失われる可能性があります。
C:\github\作品ⅢGitHub\New Road\main.cpp(2297,51): warning C4244: '引数': 'double' から 'int' への変換です。データが失われる可能性があります。
C:\github\作品ⅢGitHub\New Road\main.cpp(2297,29): warning C4244: '引数': 'double' から 'int' への変換です。データが失われる可能性があります。
C:\github\作品ⅢGitHub\New Road\main.cpp(2308,51): warning C4244: '引数': 'double' から 'int' への変換です。データが失われる可能性があります。
C:\github\作品ⅢGitHub\New Road\main.cpp(2308,29): warning C4244: '引数': 'double' から 'int' への変換です。データが失われる可能性があります。
C:\github\作品ⅢGitHub\New Road\main.cpp(2309,51): warning C4244: '引数': 'double' から 'int' への変換です。データが失われる可能性があります。
C:\github\作品ⅢGitHub\New Road\main.cpp(2309,29): warning C4244: '引数': 'double' から 'int' への変換です。データが失われる可能性があります。
C:\github\作品ⅢGitHub\New Road\main.cpp(2188): warning C4715: 'MY_DIRECTION': 値を返さないコントロール パスがあります。
  New Road.vcxproj -> C:\github\作品ⅢGitHub\New Road\x64\Debug\New Road.exe
